\BOOKMARK [0][-]{chapter.1}{\376\377\004\022\004\062\004\065\004\064\004\065\004\075\004\070\004\065}{}% 1
\BOOKMARK [0][-]{chapter.2}{\376\377\004\042\004\065\004\076\004\100\004\065\004\102\004\070\004\107\004\065\004\101\004\072\004\070\004\065\000\040\004\076\004\101\004\075\004\076\004\062\004\113\000\040\004\072\004\062\004\060\004\075\004\102\004\076\004\062\004\113\004\105\000\040\004\062\004\113\004\107\004\070\004\101\004\073\004\065\004\075\004\070\004\071}{}% 2
\BOOKMARK [1][-]{section.2.1}{\376\377\004\022\004\062\004\065\004\064\004\065\004\075\004\070\004\065}{chapter.2}% 3
\BOOKMARK [1][-]{section.2.2}{\376\377\004\044\004\076\004\100\004\074\004\103\004\073\004\060\000\040\004\050\004\065\004\075\004\075\004\076\004\075\004\060}{chapter.2}% 4
\BOOKMARK [1][-]{section.2.3}{\376\377\004\024\004\062\004\070\004\063\004\060\004\102\004\065\004\073\004\114\000\040\004\041\004\106\004\070\004\073\004\060\004\100\004\064\004\060}{chapter.2}% 5
\BOOKMARK [1][-]{section.2.4}{\376\377\004\045\004\060\004\100\004\060\004\072\004\102\004\065\004\100\004\070\004\101\004\102\004\070\004\072\004\070\000\040\004\062\004\113\004\107\004\070\004\101\004\073\004\070\004\102\004\065\004\073\004\114\004\075\004\113\004\105\000\040\004\101\004\070\004\101\004\102\004\065\004\074}{chapter.2}% 6
\BOOKMARK [1][-]{section.2.5}{\376\377\004\022\004\113\004\107\004\070\004\101\004\073\004\070\004\074\004\076\004\101\004\102\004\114\000\040\004\070\000\040\004\060\004\073\004\063\004\076\004\100\004\070\004\102\004\074}{chapter.2}% 7
\BOOKMARK [1][-]{section.2.6}{\376\377\000q\000b\000i\000t}{chapter.2}% 8
\BOOKMARK [1][-]{section.2.7}{\376\377\004\030\004\067\004\074\004\065\004\100\004\065\004\075\004\070\004\065\000\040\004\072\004\103\004\061\004\070\004\102\004\060}{chapter.2}% 9
\BOOKMARK [2][-]{subsection.2.7.1}{\376\377\004\022\004\113\004\061\004\076\004\100\000\040\004\076\004\100\004\102\004\076\004\075\004\076\004\100\004\074\004\070\004\100\004\076\004\062\004\060\004\075\004\075\004\076\004\063\004\076\000\040\004\061\004\060\004\067\004\070\004\101\004\060}{section.2.7}% 10
\BOOKMARK [2][-]{subsection.2.7.2}{\376\377\004\037\004\100\004\076\004\062\004\065\004\064\004\065\004\075\004\070\004\065\000\040\004\070\004\067\004\074\004\065\004\100\004\065\004\075\004\070\004\117}{section.2.7}% 11
\BOOKMARK [2][-]{subsection.2.7.3}{\376\377\004\030\004\067\004\074\004\065\004\075\004\065\004\075\004\070\004\065\000\040\004\101\004\076\004\101\004\102\004\076\004\117\004\075\004\070\004\117\000\040\004\101\004\070\004\101\004\102\004\065\004\074\004\113}{section.2.7}% 12
\BOOKMARK [2][-]{subsection.2.7.4}{\376\377\004\021\004\060\004\067\004\070\004\101\000\040\004\020\004\064\004\060\004\074\004\060\004\100\004\060}{section.2.7}% 13
\BOOKMARK [1][-]{section.2.8}{\376\377\004\041\004\070\004\101\004\102\004\065\004\074\004\060\000\040\004\072\004\103\004\061\004\070\004\102\004\076\004\062}{chapter.2}% 14
\BOOKMARK [2][-]{subsection.2.8.1}{\376\377\004\024\004\062\004\060\000\040\004\072\004\103\004\061\004\070\004\102\004\060}{section.2.8}% 15
\BOOKMARK [2][-]{subsection.2.8.2}{\376\377\000N\000\040\004\072\004\103\004\061\004\070\004\102\004\076\004\062}{section.2.8}% 16
\BOOKMARK [1][-]{section.2.9}{\376\377\004\030\004\067\004\074\004\065\004\100\004\065\004\075\004\070\004\065\000\040\004\101\004\070\004\101\004\102\004\065\004\074\004\113\000\040\004\072\004\103\004\061\004\070\004\102\004\076\004\062}{chapter.2}% 17
\BOOKMARK [1][-]{section.2.10}{\376\377\004\055\004\062\004\076\004\073\004\116\004\106\004\070\004\117\000\040\004\072\004\062\004\060\004\075\004\102\004\076\004\062\004\076\004\071\000\040\004\101\004\070\004\101\004\102\004\065\004\074\004\113}{chapter.2}% 18
\BOOKMARK [2][-]{subsection.2.10.1}{\376\377\004\036\004\077\004\065\004\100\004\060\004\102\004\076\004\100\000\040\004\020\004\064\004\060\004\074\004\060\004\100\004\060}{section.2.10}% 19
\BOOKMARK [2][-]{subsection.2.10.2}{\376\377\004\023\004\065\004\071\004\102\000\040\000X}{section.2.10}% 20
\BOOKMARK [2][-]{subsection.2.10.3}{\376\377\004\023\004\065\004\071\004\102\000\040\000C\000N\000O\000T}{section.2.10}% 21
\BOOKMARK [1][-]{section.2.11}{\376\377\004\041\004\105\004\065\004\074\004\060\000\040\004\072\004\062\004\060\004\075\004\102\004\076\004\062\004\076\004\063\004\076\000\040\004\060\004\073\004\063\004\076\004\100\004\070\004\102\004\074\004\060}{chapter.2}% 22
\BOOKMARK [2][-]{subsection.2.11.1}{\376\377\004\037\004\100\004\070\004\074\004\065\004\075\004\065\004\075\004\070\004\065\000\040\004\076\004\077\004\065\004\100\004\060\004\102\004\076\004\100\004\060\000\040\004\020\004\064\004\060\004\074\004\060\004\100\004\060\000\040\004\101\004\100\004\060\004\067\004\103\000\040\004\072\000\040\004\064\004\062\004\103\004\074\000\040\004\072\004\103\004\061\004\070\004\102\004\060\004\074}{section.2.11}% 23
\BOOKMARK [2][-]{subsection.2.11.2}{\376\377\004\020\004\064\004\060\004\074\004\060\004\100\000\040\004\075\004\060\000\040\004\074\004\073\004\060\004\064\004\110\004\065\004\074\000\040\004\072\004\103\004\061\004\070\004\102\004\065}{section.2.11}% 24
\BOOKMARK [2][-]{subsection.2.11.3}{\376\377\004\020\004\064\004\060\004\074\004\060\004\100\000\040\004\075\004\060\000\040\004\101\004\102\004\060\004\100\004\110\004\065\004\074\000\040\004\072\004\103\004\061\004\070\004\102\004\065}{section.2.11}% 25
\BOOKMARK [2][-]{subsection.2.11.4}{\376\377\004\036\004\077\004\065\004\100\004\060\004\102\004\076\004\100\000\040\000C\000N\000O\000T\000\040\004\062\000\040\0003\000q\000\040\004\101\004\070\004\101\004\102\004\065\004\074\004\060\004\105}{section.2.11}% 26
\BOOKMARK [2][-]{subsection.2.11.5}{\376\377\004\036\004\077\004\065\004\100\004\060\004\102\004\076\004\100\000\040\004\020\004\064\004\060\004\074\004\060\004\100\004\060\000\040\004\062\000\040\000N\000q\000\040\004\101\004\070\004\101\004\102\004\065\004\074\004\060\004\105}{section.2.11}% 27
\BOOKMARK [1][-]{section.2.12}{\376\377\004\027\004\060\004\064\004\060\004\107\004\060\000\040\004\024\004\076\004\071\004\107\004\060}{chapter.2}% 28
\BOOKMARK [2][-]{subsection.2.12.1}{\376\377\004\022\004\060\004\100\004\070\004\060\004\075\004\102\000\040\000f\000\050\000x\000\051\000=\0000}{section.2.12}% 29
\BOOKMARK [2][-]{subsection.2.12.2}{\376\377\004\022\004\060\004\100\004\070\004\060\004\075\004\102\000\040\000f\000\050\000x\000\051\000=\0001}{section.2.12}% 30
\BOOKMARK [2][-]{subsection.2.12.3}{\376\377\004\022\004\060\004\100\004\070\004\060\004\075\004\102\000\040\000f\000\050\000x\000\051\000=\000x}{section.2.12}% 31
\BOOKMARK [2][-]{subsection.2.12.4}{\376\377\004\022\004\060\004\100\004\070\004\060\004\075\004\102\000\040\000f\000\050\000x\000\051\000\040\000=\000\040\000\040}{section.2.12}% 32
\BOOKMARK [2][-]{subsection.2.12.5}{\376\377\004\020\004\073\004\063\004\076\004\100\004\070\004\102\004\074\000\040\004\024\004\076\004\071\004\107\004\060}{section.2.12}% 33
\BOOKMARK [0][-]{chapter.3}{\376\377\004\044\004\070\004\067\004\070\004\107\004\065\004\101\004\072\004\060\004\117\000\040\004\100\004\065\004\060\004\073\004\070\004\067\004\060\004\106\004\070\004\117\000\040\004\072\004\062\004\060\004\075\004\102\004\076\004\062\004\076\004\063\004\076\000\040\004\076\004\077\004\065\004\100\004\060\004\102\004\076\004\100\004\060}{}% 34
\BOOKMARK [1][-]{section.3.1}{\376\377\004\036\004\061\004\067\004\076\004\100}{chapter.3}% 35
\BOOKMARK [1][-]{section.3.2}{\376\377\004\037\004\100\004\076\004\106\004\065\004\101\004\101\000\040\004\100\004\060\004\101\004\101\004\065\004\070\004\062\004\060\004\075\004\070\004\117}{chapter.3}% 36
\BOOKMARK [1][-]{section.3.3}{\376\377\004\027\004\060\004\072\004\073\004\116\004\107\004\065\004\075\004\070\004\065}{chapter.3}% 37
\BOOKMARK [0][-]{chapter.4}{\376\377\004\044\004\070\004\067\004\070\004\107\004\065\004\101\004\072\004\070\004\065\000\040\004\076\004\101\004\075\004\076\004\062\004\113\000\040\004\072\004\062\004\060\004\075\004\102\004\076\004\062\004\113\004\105\000\040\004\062\004\113\004\107\004\070\004\101\004\073\004\065\004\075\004\070\004\071}{}% 38
\BOOKMARK [1][-]{section.4.1}{\376\377\004\032\004\062\004\060\004\075\004\102\004\076\004\062\004\113\004\065\000\040\004\070\004\075\004\102\004\065\004\100\004\104\004\065\004\100\004\065\004\075\004\106\004\070\004\076\004\075\004\075\004\113\004\065\000\040\004\072\004\060\004\100\004\102\004\070\004\075\004\113}{chapter.4}% 39
\BOOKMARK [2][-]{subsection.4.1.1}{\376\377\004\020\004\075\004\060\004\073\004\076\004\063\000\040\004\064\004\070\004\104\004\100\004\060\004\072\004\106\004\070\004\070\000\040\004\044\004\100\004\060\004\103\004\075\004\063\004\076\004\104\004\065\004\100\004\060}{section.4.1}% 40
\BOOKMARK [2][-]{subsection.4.1.2}{\376\377\004\020\004\075\004\060\004\073\004\076\004\063\000\040\004\064\004\070\004\104\004\100\004\060\004\072\004\106\004\070\004\070\000\040\004\044\004\100\004\060\004\103\004\075\004\063\004\076\004\104\004\065\004\100\004\060\000\040\004\076\004\102\000\040\004\076\004\064\004\075\004\076\004\071\000\040\004\064\004\073\004\070\004\075\004\075\004\076\004\071\000\040\004\070\000\040\004\103\004\067\004\072\004\076\004\071\000\040\004\111\004\065\004\073\004\070}{section.4.1}% 41
\BOOKMARK [2][-]{subsection.4.1.3}{\376\377\004\020\004\075\004\060\004\073\004\076\004\063\000\040\004\064\004\070\004\104\004\100\004\060\004\072\004\106\004\070\004\070\000\040\004\044\004\100\004\060\004\103\004\075\004\063\004\076\004\104\004\065\004\100\004\060\000\040\004\076\004\102\000\040\004\072\004\100\004\103\004\063\004\073\004\076\004\063\004\076\000\040\004\076\004\102\004\062\004\065\004\100\004\101\004\102\004\070\004\117}{section.4.1}% 42
\BOOKMARK [2][-]{subsection.4.1.4}{\376\377\004\020\004\075\004\060\004\073\004\076\004\063\000\040\004\064\004\070\004\104\004\100\004\060\004\072\004\106\004\070\004\070\000\040\004\044\004\100\004\065\004\075\004\065\004\073\004\117\000\040\004\076\004\102\000\040\004\072\004\100\004\060\004\117\000\040\004\077\004\076\004\073\004\103\004\077\004\073\004\076\004\101\004\072\004\076\004\101\004\102\004\070}{section.4.1}% 43
\BOOKMARK [2][-]{subsection.4.1.5}{\376\377\004\032\004\060\004\100\004\102\004\070\004\075\004\060\000\040\004\100\004\060\004\064\004\103\004\063\004\070}{section.4.1}% 44
\BOOKMARK [2][-]{subsection.4.1.6}{\376\377\004\020\004\075\004\060\004\073\004\076\004\063\000\040\004\077\004\100\004\070\004\075\004\106\004\070\004\077\004\060\000\040\004\021\004\060\004\061\004\070\004\075\004\065}{section.4.1}% 45
\BOOKMARK [2][-]{subsection.4.1.7}{\376\377\004\034\004\076\004\064\004\070\004\104\004\070\004\072\004\060\004\106\004\070\004\070\000\040\004\072\004\062\004\060\004\075\004\102\004\076\004\062\004\113\004\105\000\040\004\070\004\075\004\102\004\065\004\100\004\104\004\065\004\100\004\065\004\075\004\106\004\070\004\076\004\075\004\075\004\113\004\105\000\040\004\072\004\060\004\100\004\102\004\070\004\075}{section.4.1}% 46
\BOOKMARK [2][-]{subsection.4.1.8}{\376\377\004\044\004\100\004\060\004\103\004\075\004\063\004\076\004\104\004\065\004\100\004\076\004\062\004\101\004\072\004\060\004\117\000\040\004\064\004\070\004\104\004\100\004\060\004\072\004\106\004\070\004\117\000\040\004\075\004\060\000\040\004\100\004\060\004\067\004\074\004\113\004\102\004\076\004\071\000\040\004\063\004\100\004\060\004\075\004\070\004\106\004\065}{section.4.1}% 47
\BOOKMARK [2][-]{subsection.4.1.9}{\376\377\004\044\004\100\004\065\004\075\004\065\004\073\004\065\004\062\004\101\004\072\004\060\004\117\000\040\004\064\004\070\004\104\004\100\004\060\004\072\004\106\004\070\004\117\000\040\004\075\004\060\000\040\004\100\004\060\004\067\004\074\004\113\004\102\004\076\004\071\000\040\004\063\004\100\004\060\004\075\004\070\004\106\004\065}{section.4.1}% 48
\BOOKMARK [2][-]{subsection.4.1.10}{\376\377\004\032\004\060\004\100\004\102\004\070\004\075\004\060\000\040\004\100\004\060\004\064\004\103\004\063\004\070\000\040\004\077\004\100\004\070\000\040\004\101\004\070\004\073\004\114\004\075\004\076\004\074\000\040\004\077\004\076\004\063\004\073\004\076\004\111\004\065\004\075\004\070\004\070}{section.4.1}% 49
\BOOKMARK [2][-]{subsection.4.1.11}{\376\377\004\024\004\070\004\104\004\100\004\060\004\072\004\106\004\070\004\076\004\075\004\075\004\076\004\065\000\040\004\100\004\060\004\101\004\101\004\065\004\117\004\075\004\070\004\065\000\040\004\075\004\065\004\071\004\102\004\100\004\076\004\075\004\076\004\062}{section.4.1}% 50
\BOOKMARK [2][-]{subsection.4.1.12}{\376\377\004\024\004\070\004\075\004\060\004\074\004\070\004\107\004\065\004\101\004\072\004\060\004\117\000\040\004\064\004\070\004\104\004\100\004\060\004\072\004\106\004\070\004\117\000\040\004\075\004\065\004\071\004\102\004\100\004\076\004\075\004\076\004\062\000\040\004\062\000\040\004\072\004\100\004\070\004\101\004\102\004\060\004\073\004\073\004\060\004\105\000\040\004\061\004\065\004\067\000\040\004\106\004\065\004\075\004\102\004\100\004\060\000\040\004\101\004\070\004\074\004\074\004\065\004\102\004\100\004\070\004\070}{section.4.1}% 51
\BOOKMARK [2][-]{subsection.4.1.13}{\376\377\004\035\004\065\004\071\004\102\004\100\004\076\004\075\004\075\004\060\004\117\000\040\004\063\004\076\004\073\004\076\004\063\004\100\004\060\004\104\004\070\004\117}{section.4.1}% 52
\BOOKMARK [2][-]{subsection.4.1.14}{\376\377\004\036\004\102\004\100\004\060\004\066\004\065\004\075\004\070\004\065\000\040\004\077\004\076\004\073\004\117\004\100\004\070\004\067\004\076\004\062\004\060\004\075\004\075\004\113\004\105\000\040\004\075\004\103\004\072\004\073\004\076\004\075\004\076\004\076\004\062}{section.4.1}% 53
\BOOKMARK [2][-]{subsection.4.1.15}{\376\377\004\024\004\070\004\104\004\100\004\060\004\072\004\106\004\070\004\117\000\040\004\067\004\060\004\100\004\117\004\066\004\065\004\075\004\075\004\113\004\105\000\040\004\073\004\103\004\107\004\065\004\071}{section.4.1}% 54
\BOOKMARK [2][-]{subsection.4.1.16}{\376\377\004\037\004\076\004\073\004\117\004\100\004\070\004\067\004\060\004\106\004\070\004\117\000\040\004\075\004\103\004\072\004\073\004\076\004\075\004\076\004\062\000\040\004\077\004\100\004\070\000\040\004\064\004\070\004\104\004\100\004\060\004\072\004\106\004\070\004\076\004\075\004\075\004\076\004\074\000\040\004\100\004\060\004\101\004\101\004\065\004\117\004\075\004\070\004\070}{section.4.1}% 55
\BOOKMARK [2][-]{subsection.4.1.17}{\376\377\004\027\004\060\004\072\004\073\004\116\004\107\004\065\004\075\004\070\004\065}{section.4.1}% 56
\BOOKMARK [1][-]{section.4.2}{\376\377\004\022\004\076\004\067\004\074\004\076\004\066\004\075\004\076\004\101\004\102\004\114\000\040\004\062\004\070\004\067\004\103\004\060\004\073\004\114\004\075\004\076\004\071\000\040\004\062\004\070\004\064\004\065\004\076\000-\004\100\004\065\004\063\004\070\004\101\004\102\004\100\004\060\004\106\004\070\004\070}{chapter.4}% 57
\BOOKMARK [0][-]{chapter.5}{\376\377\004\047\004\060\004\101\004\102\004\075\004\113\004\065\000\040\004\062\004\076\004\077\004\100\004\076\004\101\004\113\000\040\004\115\004\101\004\072\004\070\004\067\004\075\004\076\004\063\004\076\000\040\004\077\004\100\004\076\004\065\004\072\004\102\004\070\004\100\004\076\004\062\004\060\004\075\004\070\004\117\000\040\004\101\004\102\004\065\004\075\004\064\004\076\004\062\000\040}{}% 58
\BOOKMARK [1][-]{section.5.1}{\376\377\004\041\004\102\004\065\004\075\004\064\000\040\041\026\0001}{chapter.5}% 59
\BOOKMARK [2][-]{subsection.5.1.1}{\376\377\004\037\004\100\004\070\004\075\004\106\004\070\004\077\004\070\004\060\004\073\004\114\004\075\004\060\004\117\000\040\004\101\004\105\004\065\004\074\004\060}{section.5.1}% 60
\BOOKMARK [2][-]{subsection.5.1.2}{\376\377\004\037\004\100\004\070\004\075\004\106\004\070\004\077\000\040\004\064\004\065\004\071\004\101\004\102\004\062\004\070\004\117}{section.5.1}% 61
\BOOKMARK [1][-]{section.5.2}{\376\377\004\041\004\102\004\065\004\075\004\064\000\040\041\026\0002}{chapter.5}% 62
\BOOKMARK [2][-]{subsection.5.2.1}{\376\377\004\037\004\100\004\070\004\075\004\106\004\070\004\077\004\070\004\060\004\073\004\114\004\075\004\060\004\117\000\040\004\101\004\105\004\065\004\074\004\060}{section.5.2}% 63
\BOOKMARK [2][-]{subsection.5.2.2}{\376\377\004\037\004\100\004\070\004\075\004\106\004\070\004\077\000\040\004\064\004\065\004\071\004\101\004\102\004\062\004\070\004\117}{section.5.2}% 64
\BOOKMARK [2][-]{subsection.5.2.3}{\376\377\004\042\004\100\004\065\004\061\004\076\004\062\004\060\004\075\004\070\004\117\000\040\004\072\000\040\004\070\004\101\004\102\004\076\004\107\004\075\004\070\004\072\004\060\004\074}{section.5.2}% 65
\BOOKMARK [2][-]{subsection.5.2.4}{\376\377\004\030\004\101\004\102\004\076\004\107\004\075\004\070\004\072\004\070\000\040\000\040\000-\000\040\004\070\004\067\004\073\004\103\004\107\004\065\004\075\004\070\004\117}{section.5.2}% 66
\BOOKMARK [2][-]{subsection.5.2.5}{\376\377\004\030\004\101\004\102\004\076\004\107\004\075\004\070\004\072\004\070\000\040\004\075\004\065\004\071\004\102\004\100\004\076\004\075\004\076\004\062}{section.5.2}% 67
\BOOKMARK [2][-]{subsection.5.2.6}{\376\377\004\030\004\101\004\102\004\076\004\107\004\075\004\070\004\072\004\070\000\040\000-\004\070\004\067\004\073\004\103\004\107\004\065\004\075\004\070\004\117}{section.5.2}% 68
\BOOKMARK [2][-]{subsection.5.2.7}{\376\377\004\030\004\101\004\102\004\076\004\107\004\075\004\070\004\072\004\070\000\040\000-\004\070\004\067\004\073\004\103\004\107\004\065\004\075\004\070\004\117}{section.5.2}% 69
\BOOKMARK [2][-]{subsection.5.2.8}{\376\377\004\024\004\060\004\102\004\107\004\070\004\072\004\070}{section.5.2}% 70
\BOOKMARK [2][-]{subsection.5.2.9}{\376\377\004\043\004\101\004\070\004\073\004\070\004\102\004\065\004\073\004\114\000\040\004\101\004\070\004\063\004\075\004\060\004\073\004\060}{section.5.2}% 71
\BOOKMARK [2][-]{subsection.5.2.10}{\376\377\004\055\004\101\004\072\004\070\004\067}{section.5.2}% 72
\BOOKMARK [1][-]{section.5.3}{\376\377\004\041\004\102\004\065\004\075\004\064\000\040\041\026\0003\000\040}{chapter.5}% 73
\BOOKMARK [2][-]{subsection.5.3.1}{\376\377\000-\004\070\004\067\004\073\004\103\004\107\004\065\004\075\004\070\004\065\000\040\004\033\004\060\004\071\004\074\004\060\004\075\004\060}{section.5.3}% 74
\BOOKMARK [2][-]{subsection.5.3.2}{\376\377\004\055\004\101\004\072\004\070\004\067}{section.5.3}% 75
\BOOKMARK [1][-]{section.5.4}{\376\377\004\055\004\072\004\076\004\075\004\076\004\074\004\070\004\107\004\065\004\101\004\072\004\070\004\071\000\040\004\100\004\060\004\101\004\101\004\107\004\065\004\102}{chapter.5}% 76
\BOOKMARK [2][-]{subsection.5.4.1}{\376\377\004\037\004\076\004\101\004\102\004\060\004\062\004\111\004\070\004\072\000\040\004\020\004\036\000\040\000\253\004\022\000/\004\036\000\040\000\253\004\030\004\067\004\076\004\102\004\076\004\077\000\273}{section.5.4}% 77
\BOOKMARK [2][-]{subsection.5.4.2}{\376\377\004\037\004\076\004\101\004\102\004\060\004\062\004\111\004\070\004\072\000\040\004\036\004\036\004\036\000\040\000\253\004\027\004\020\004\037\004\020\004\024\004\037\004\040\004\030\004\021\004\036\004\040\000\273}{section.5.4}% 78
\BOOKMARK [2][-]{subsection.5.4.3}{\376\377\004\037\004\076\004\101\004\102\004\060\004\062\004\111\004\070\004\072\000\040\000A\000n\000a\000l\000o\000g\000\040\000D\000e\000v\000i\000c\000e\000s}{section.5.4}% 79
\BOOKMARK [2][-]{subsection.5.4.4}{\376\377\004\037\004\076\004\101\004\102\004\060\004\062\004\111\004\070\004\072\000\040\000M\000C\000U\000s\000t\000o\000r\000e\000.\000r\000u}{section.5.4}% 80
\BOOKMARK [2][-]{subsection.5.4.5}{\376\377\004\037\004\076\004\101\004\102\004\060\004\062\004\111\004\070\004\072\000\040\000m\000e\000t\000a\000l\000l\000s\000n\000a\000b\000-\000n\000n\000.\000r\000u}{section.5.4}% 81
\BOOKMARK [2][-]{subsection.5.4.6}{\376\377\004\037\004\076\004\101\004\102\004\060\004\062\004\111\004\070\004\072\000\040\000v\000s\000e\000i\000n\000s\000t\000r\000u\000m\000e\000n\000t\000i\000.\000r\000u}{section.5.4}% 82
\BOOKMARK [2][-]{subsection.5.4.7}{\376\377\004\030\004\102\004\076\004\063\004\070\000\040\004\100\004\060\004\101\004\101\004\074\004\076\004\102\004\100\004\065\004\075\004\070\004\117}{section.5.4}% 83
\BOOKMARK [0][-]{chapter.6}{\376\377\004\022\004\060\004\100\004\070\004\060\004\075\004\102\004\113\000\040\004\070\004\101\004\077\004\076\004\073\004\114\004\067\004\076\004\062\004\060\004\075\004\070\004\117}{}% 84
\BOOKMARK [1][-]{section.6.1}{\376\377\004\035\004\065\004\071\004\102\004\100\004\076\004\075\004\075\004\076\004\065\000\040\004\070\004\067\004\073\004\103\004\107\004\065\004\075\004\070\004\065}{chapter.6}% 85
\BOOKMARK [1][-]{section.6.2}{\376\377\004\020\004\073\004\114\004\104\004\060\000\040\004\070\004\067\004\073\004\103\004\107\004\065\004\075\004\070\004\065}{chapter.6}% 86
\BOOKMARK [1][-]{section.6.3}{\376\377\004\030\004\067\004\073\004\103\004\107\004\065\004\075\004\070\004\065\000\040\004\067\004\060\004\100\004\117\004\066\004\065\004\075\004\075\004\113\004\105\000\040\004\107\004\060\004\101\004\102\004\070\004\106}{chapter.6}% 87
\BOOKMARK [1][-]{section.6.4}{\376\377\004\023\004\060\004\074\004\074\004\060\000\040\004\070\004\067\004\073\004\103\004\107\004\065\004\075\004\070\004\065}{chapter.6}% 88
\BOOKMARK [1][-]{section.6.5}{\376\377\004\020\004\064\004\100\004\076\004\075\004\075\004\113\004\065\000\040\004\107\004\060\004\101\004\102\004\070\004\106\004\113}{chapter.6}% 89
\BOOKMARK [0][-]{chapter.7}{\376\377\004\032\004\076\004\074\004\077\004\114\004\116\004\102\004\065\004\100\004\075\004\076\004\065\000\040\004\074\004\076\004\064\004\065\004\073\004\070\004\100\004\076\004\062\004\060\004\075\004\070\004\065\000\040}{}% 90
\BOOKMARK [1][-]{section.7.1}{\376\377\004\022\004\062\004\065\004\064\004\065\004\075\004\070\004\065}{chapter.7}% 91
\BOOKMARK [1][-]{section.7.2}{\376\377\004\024\004\070\004\104\004\100\004\060\004\072\004\106\004\070\004\117\000\040\000-\000\040\004\077\004\073\004\076\004\101\004\072\004\060\004\117\000\040\004\062\004\076\004\073\004\075\004\060\000,\000\040\004\072\004\100\004\103\004\063\004\073\004\076\004\065\000\040\004\076\004\102\004\062\004\065\004\100\004\101\004\102\004\070\004\065\000,\000\040\004\062\004\060\004\100\000.\000\040\0001}{chapter.7}% 92
\BOOKMARK [2][-]{subsection.7.2.1}{\376\377\004\034\004\076\004\064\004\065\004\073\004\114}{section.7.2}% 93
\BOOKMARK [2][-]{subsection.7.2.2}{\376\377\004\032\004\060\004\100\004\102\004\070\004\075\004\060}{section.7.2}% 94
\BOOKMARK [2][-]{subsection.7.2.3}{\376\377\004\030\004\101\004\105\004\076\004\064\004\075\004\113\004\071\000\040\004\072\004\076\004\064}{section.7.2}% 95
\BOOKMARK [1][-]{section.7.3}{\376\377\004\024\004\070\004\104\004\100\004\060\004\072\004\106\004\070\004\117\000\040\004\044\004\100\004\065\004\075\004\065\004\073\004\117\000\040\000-\000\040\004\077\004\073\004\076\004\101\004\072\004\060\004\117\000\040\004\062\004\076\004\073\004\075\004\060\000,\000\040\004\072\004\100\004\103\004\063\004\073\004\076\004\065\000\040\004\076\004\102\004\062\004\065\004\100\004\101\004\102\004\070\004\065\000,\000\040\004\062\004\060\004\100\000.\000\040\0002}{chapter.7}% 96
\BOOKMARK [2][-]{subsection.7.3.1}{\376\377\004\034\004\076\004\064\004\065\004\073\004\114}{section.7.3}% 97
\BOOKMARK [2][-]{subsection.7.3.2}{\376\377\004\032\004\060\004\100\004\102\004\070\004\075\004\060}{section.7.3}% 98
\BOOKMARK [2][-]{subsection.7.3.3}{\376\377\004\030\004\101\004\105\004\076\004\064\004\075\004\113\004\071\000\040\004\072\004\076\004\064}{section.7.3}% 99
\BOOKMARK [1][-]{section.7.4}{\376\377\004\024\004\070\004\104\004\100\004\060\004\072\004\106\004\070\004\117\000\040\004\044\004\100\004\065\004\075\004\065\004\073\004\117\000\040\000-\000\040\004\101\004\104\004\065\004\100\004\070\004\107\004\065\004\101\004\072\004\060\004\117\000\040\004\062\004\076\004\073\004\075\004\060\000,\000\040\004\072\004\100\004\103\004\063\004\073\004\076\004\065\000\040\004\076\004\102\004\062\004\065\004\100\004\101\004\102\004\070\004\065}{chapter.7}% 100
\BOOKMARK [2][-]{subsection.7.4.1}{\376\377\004\034\004\076\004\064\004\065\004\073\004\114}{section.7.4}% 101
\BOOKMARK [2][-]{subsection.7.4.2}{\376\377\004\032\004\060\004\100\004\102\004\070\004\075\004\060}{section.7.4}% 102
\BOOKMARK [2][-]{subsection.7.4.3}{\376\377\004\030\004\101\004\105\004\076\004\064\004\075\004\113\004\071\000\040\004\072\004\076\004\064}{section.7.4}% 103
\BOOKMARK [1][-]{section.7.5}{\376\377\004\022\004\075\004\103\004\102\004\100\004\065\004\075\004\075\004\065\004\065\000\040\004\076\004\102\004\100\004\060\004\066\004\065\004\075\004\070\004\065\000\040\004\070\000\040\004\077\004\100\004\065\004\073\004\076\004\074\004\073\004\065\004\075\004\070\004\065}{chapter.7}% 104
\BOOKMARK [2][-]{subsection.7.5.1}{\376\377\004\034\004\076\004\064\004\065\004\073\004\114}{section.7.5}% 105
\BOOKMARK [2][-]{subsection.7.5.2}{\376\377\004\032\004\060\004\100\004\102\004\070\004\075\004\060}{section.7.5}% 106
\BOOKMARK [2][-]{subsection.7.5.3}{\376\377\004\030\004\101\004\105\004\076\004\064\004\075\004\113\004\071\000\040\004\072\004\076\004\064}{section.7.5}% 107
\BOOKMARK [1][-]{section.7.6}{\376\377\004\055\004\072\004\101\004\077\004\065\004\100\004\070\004\074\004\065\004\075\004\102\000\040\004\056\004\075\004\063\004\060}{chapter.7}% 108
\BOOKMARK [2][-]{subsection.7.6.1}{\376\377\004\034\004\076\004\064\004\065\004\073\004\114}{section.7.6}% 109
\BOOKMARK [2][-]{subsection.7.6.2}{\376\377\004\032\004\060\004\100\004\102\004\070\004\075\004\060}{section.7.6}% 110
\BOOKMARK [2][-]{subsection.7.6.3}{\376\377\004\030\004\101\004\105\004\076\004\064\004\075\004\113\004\071\000\040\004\072\004\076\004\064}{section.7.6}% 111
\BOOKMARK [1][-]{section.7.7}{\376\377\004\034\004\076\004\064\004\113\000\040\004\055\004\100\004\074\004\070\004\102\004\060\000-\004\023\004\060\004\103\004\101\004\101\004\060}{chapter.7}% 112
\BOOKMARK [2][-]{subsection.7.7.1}{\376\377\004\034\004\076\004\064\004\065\004\073\004\114}{section.7.7}% 113
\BOOKMARK [2][-]{subsection.7.7.2}{\376\377\004\032\004\060\004\100\004\102\004\070\004\075\004\060}{section.7.7}% 114
\BOOKMARK [2][-]{subsection.7.7.3}{\376\377\004\030\004\101\004\105\004\076\004\064\004\075\004\113\004\071\000\040\004\072\004\076\004\064}{section.7.7}% 115
\BOOKMARK [1][-]{section.7.8}{\376\377\004\034\004\076\004\064\004\113\000\040\004\033\004\060\004\063\004\065\004\100\004\100\004\060\000-\004\023\004\060\004\103\004\101\004\101\004\060}{chapter.7}% 116
\BOOKMARK [2][-]{subsection.7.8.1}{\376\377\004\032\004\060\004\100\004\102\004\070\004\075\004\060}{section.7.8}% 117
\BOOKMARK [2][-]{subsection.7.8.2}{\376\377\004\030\004\101\004\105\004\076\004\064\004\075\004\113\004\071\000\040\004\072\004\076\004\064}{section.7.8}% 118
\BOOKMARK [1][-]{section.7.9}{\376\377\004\034\004\075\004\076\004\066\004\065\004\101\004\102\004\062\004\065\004\075\004\075\004\113\004\065\000\040\004\077\004\100\004\076\004\100\004\065\004\067\004\070}{chapter.7}% 119
\BOOKMARK [2][-]{subsection.7.9.1}{\376\377\004\034\004\076\004\064\004\065\004\073\004\114}{section.7.9}% 120
\BOOKMARK [2][-]{subsection.7.9.2}{\376\377\004\032\004\060\004\100\004\102\004\070\004\075\004\060}{section.7.9}% 121
\BOOKMARK [2][-]{subsection.7.9.3}{\376\377\004\030\004\101\004\105\004\076\004\064\004\075\004\113\004\071\000\040\004\072\004\076\004\064}{section.7.9}% 122
\BOOKMARK [1][-]{section.7.10}{\376\377\004\034\004\075\004\076\004\066\004\065\004\101\004\102\004\062\004\065\004\075\004\075\004\113\004\065\000\040\004\076\004\102\004\062\004\065\004\100\004\101\004\102\004\070\004\117}{chapter.7}% 123
\BOOKMARK [2][-]{subsection.7.10.1}{\376\377\004\034\004\076\004\064\004\065\004\073\004\114}{section.7.10}% 124
\BOOKMARK [2][-]{subsection.7.10.2}{\376\377\004\032\004\060\004\100\004\102\004\070\004\075\004\060}{section.7.10}% 125
\BOOKMARK [2][-]{subsection.7.10.3}{\376\377\004\030\004\101\004\105\004\076\004\064\004\075\004\113\004\071\000\040\004\072\004\076\004\064}{section.7.10}% 126
\BOOKMARK [1][-]{section.7.11}{\376\377\004\024\004\060\004\102\004\107\004\070\004\072\000\040\004\050\004\060\004\072\004\060\000\040\004\045\004\060\004\100\004\102\004\074\004\060\004\075\004\060}{chapter.7}% 127
\BOOKMARK [2][-]{subsection.7.11.1}{\376\377\004\034\004\076\004\064\004\065\004\073\004\114}{section.7.11}% 128
\BOOKMARK [2][-]{subsection.7.11.2}{\376\377\004\032\004\060\004\100\004\102\004\070\004\075\004\060}{section.7.11}% 129
\BOOKMARK [2][-]{subsection.7.11.3}{\376\377\004\030\004\101\004\105\004\076\004\064\004\075\004\113\004\071\000\040\004\072\004\076\004\064}{section.7.11}% 130
\BOOKMARK [1][-]{section.7.12}{\376\377\004\024\004\062\004\065\000\040\004\075\004\065\004\077\004\060\004\100\004\060\004\073\004\073\004\065\004\073\004\114\004\075\004\113\004\065\000\040\004\077\004\100\004\076\004\100\004\065\004\067\004\070\000,\000\040\004\062\004\065\004\100\000.\0001}{chapter.7}% 131
\BOOKMARK [2][-]{subsection.7.12.1}{\376\377\004\034\004\076\004\064\004\065\004\073\004\114}{section.7.12}% 132
\BOOKMARK [2][-]{subsection.7.12.2}{\376\377\004\032\004\060\004\100\004\102\004\070\004\075\004\060}{section.7.12}% 133
\BOOKMARK [2][-]{subsection.7.12.3}{\376\377\004\030\004\101\004\105\004\076\004\064\004\075\004\113\004\071\000\040\004\072\004\076\004\064}{section.7.12}% 134
\BOOKMARK [1][-]{section.7.13}{\376\377\004\024\004\062\004\065\000\040\004\075\004\065\004\077\004\060\004\100\004\060\004\073\004\073\004\065\004\073\004\114\004\075\004\113\004\065\000\040\004\077\004\100\004\076\004\100\004\065\004\067\004\070\000,\000\040\004\062\004\065\004\100\000.\0002}{chapter.7}% 135
\BOOKMARK [2][-]{subsection.7.13.1}{\376\377\004\034\004\076\004\064\004\065\004\073\004\114}{section.7.13}% 136
\BOOKMARK [2][-]{subsection.7.13.2}{\376\377\004\032\004\060\004\100\004\102\004\070\004\075\004\060}{section.7.13}% 137
\BOOKMARK [2][-]{subsection.7.13.3}{\376\377\004\030\004\101\004\105\004\076\004\064\004\075\004\113\004\071\000\040\004\072\004\076\004\064}{section.7.13}% 138
\BOOKMARK [1][-]{section.7.14}{\376\377\004\030\004\075\004\102\004\065\004\100\004\104\004\065\004\100\004\076\004\074\004\065\004\102\004\100\000\040\004\034\004\060\004\105\004\060\000-\004\027\004\065\004\075\004\064\004\065\004\100\004\060}{chapter.7}% 139
\BOOKMARK [2][-]{subsection.7.14.1}{\376\377\004\032\004\060\004\100\004\102\004\070\004\075\004\060}{section.7.14}% 140
\BOOKMARK [2][-]{subsection.7.14.2}{\376\377\004\030\004\101\004\105\004\076\004\064\004\075\004\113\004\071\000\040\004\072\004\076\004\064}{section.7.14}% 141
\BOOKMARK [1][-]{section.7.15}{\376\377\004\027\004\060\004\072\004\073\004\116\004\107\004\065\004\075\004\070\004\065}{chapter.7}% 142
\BOOKMARK [0][-]{chapter.8}{\376\377\004\037\004\076\004\064\004\062\004\065\004\064\004\065\004\075\004\070\004\065\000\040\004\070\004\102\004\076\004\063\004\076\004\062}{}% 143
\BOOKMARK [1][-]{section.8.1}{\376\377\004\040\004\065\004\067\004\103\004\073\004\114\004\102\004\060\004\102\004\113\000\040\004\070\004\101\004\101\004\073\004\065\004\064\004\076\004\062\004\060\004\075\004\070\004\117}{chapter.8}% 144
\BOOKMARK [1][-]{section.8.2}{\376\377\004\022\004\113\004\062\004\076\004\064\004\113}{chapter.8}% 145
